<?xml version="1.0" encoding="utf-8"?><testsuites name="pytest tests"><testsuite name="pytest" errors="0" failures="0" skipped="0" tests="11" time="0.373" timestamp="2026-09-08T23:53:36.572184-04:00" hostname="MilleniumFalcon"><testcase classname="tests.test_grm_fold_recovered_guard" name="test_resolvable_payload_true_for_resident_h" time="0.002" /><testcase classname="tests.test_grm_fold_recovered_guard" name="test_resolvable_payload_true_for_host_payload" time="0.001" /><testcase classname="tests.test_grm_fold_recovered_guard" name="test_resolvable_payload_true_when_disk_file_present" time="0.002" /><testcase classname="tests.test_grm_fold_recovered_guard" name="test_resolvable_payload_false_for_bare_placeholder" time="0.001" /><testcase classname="tests.test_grm_fold_recovered_guard" name="test_foldable_excludes_placeholder_turn" time="0.005" /><testcase classname="tests.test_grm_fold_recovered_guard" name="test_librarian_jobs_never_selects_placeholder_as_fold_source" time="0.012" /><testcase classname="tests.test_grm_fold_recovered_guard" name="test_idle_folds_real_turns_and_never_crashes_on_placeholder" time="0.017" /><testcase classname="tests.test_grm_fold_recovered_guard" name="test_inline_backpressure_path_also_excludes_placeholder" time="0.026" /><testcase classname="tests.test_grm_fold_recovered_guard" name="test_placeholder_does_not_inflate_foldable_count_toward_threshold" time="0.011" /><testcase classname="tests.test_grm_fold_recovered_guard" name="test_repeated_idle_calls_do_not_jam_on_placeholder" time="0.034" /><testcase classname="tests.test_grm_fold_recovered_guard" name="test_native_foldable_excludes_placeholder_even_when_store_returns_it" time="0.006" /></testsuite></testsuites>